[debug] [2021-05-26T12:53:21.693Z] ----------------------------------------------------------------------
[debug] [2021-05-26T12:53:21.696Z] Command:       /usr/bin/node /usr/local/bin/firebase init
[debug] [2021-05-26T12:53:21.696Z] CLI Version:   9.11.0
[debug] [2021-05-26T12:53:21.696Z] Platform:      linux
[debug] [2021-05-26T12:53:21.696Z] Node Version:  v14.16.1
[debug] [2021-05-26T12:53:21.697Z] Time:          Wed May 26 2021 18:23:21 GMT+0530 (India Standard Time)
[debug] [2021-05-26T12:53:21.697Z] ----------------------------------------------------------------------
[debug] 
[debug] [2021-05-26T12:53:21.701Z] > command requires scopes: ["email","openid","https://www.googleapis.com/auth/cloudplatformprojects.readonly","https://www.googleapis.com/auth/firebase","https://www.googleapis.com/auth/cloud-platform"]
[debug] [2021-05-26T12:53:21.702Z] > authorizing via signed-in user (ramanandsirvi21@gmail.com)
[info] 
     ######## #### ########  ######## ########     ###     ######  ########
     ##        ##  ##     ## ##       ##     ##  ##   ##  ##       ##
     ######    ##  ########  ######   ########  #########  ######  ######
     ##        ##  ##    ##  ##       ##     ## ##     ##       ## ##
     ##       #### ##     ## ######## ########  ##     ##  ######  ########

You're about to initialize a Firebase project in this directory:

  /home/lucifer/Documents/experiments/firebase-hosting-poc

[info] 
=== Project Setup
[info] 
[info] First, let's associate this project directory with a Firebase project.
[info] You can create multiple project aliases by running firebase use --add, 
[info] but for now we'll just set up a default project.
[info] 
[debug] [2021-05-26T12:53:56.194Z] >>> [apiv2][query] GET https://firebase.googleapis.com/v1beta1/projects pageSize=100
[debug] [2021-05-26T12:53:57.145Z] <<< [apiv2][status] GET https://firebase.googleapis.com/v1beta1/projects 200
[debug] [2021-05-26T12:53:57.145Z] <<< [apiv2][body] GET https://firebase.googleapis.com/v1beta1/projects [omitted]
[info] i  Using project fir-hosting-poc-2aabc (firebase-hosting-poc) 
[info] 
=== Hosting Setup
[info] 
[info] Your public directory is the folder (relative to your project directory) that
[info] will contain Hosting assets to be uploaded with firebase deploy. If you
[info] have a build process for your assets, use your build's output directory.
[info] 
[debug] [2021-05-26T12:54:40.291Z] >>> [apiv2][query] GET https://www.gstatic.com/firebasejs/releases.json [none]
[debug] [2021-05-26T12:54:40.367Z] <<< [apiv2][status] GET https://www.gstatic.com/firebasejs/releases.json 200
[debug] [2021-05-26T12:54:40.367Z] <<< [apiv2][body] GET https://www.gstatic.com/firebasejs/releases.json {"current":{"version":"8.6.2","browserURL":"https://www.gstatic.com/firebasejs/8.6.2/firebase.js","packageURL":"https://www.gstatic.com/firebasejs/8.6.2/firebase.tgz"},"live":{"version":"8.6","browserURL":"https://www.gstatic.com/firebasejs/live/8.6/firebase.js","packageURL":"https://www.gstatic.com/firebasejs/live/8.6/firebase.tgz"},"components":{"analytics":"https://www.gstatic.com/firebasejs/8.6.2/firebase-analytics.js","app":"https://www.gstatic.com/firebasejs/8.6.2/firebase-app.js","app-check":"https://www.gstatic.com/firebasejs/8.6.2/firebase-app-check.js","auth":"https://www.gstatic.com/firebasejs/8.6.2/firebase-auth.js","database":"https://www.gstatic.com/firebasejs/8.6.2/firebase-database.js","firestore":"https://www.gstatic.com/firebasejs/8.6.2/firebase-firestore.js","functions":"https://www.gstatic.com/firebasejs/8.6.2/firebase-functions.js","installations":"https://www.gstatic.com/firebasejs/8.6.2/firebase-installations.js","messaging":"https://www.gstatic.com/firebasejs/8.6.2/firebase-messaging.js","storage":"https://www.gstatic.com/firebasejs/8.6.2/firebase-storage.js","performance":"https://www.gstatic.com/firebasejs/8.6.2/firebase-performance.js","remote-config":"https://www.gstatic.com/firebasejs/8.6.2/firebase-remote-config.js","firestore.memory":"https://www.gstatic.com/firebasejs/8.6.2/firebase-firestore.memory.js"}}
[info] ✔  Wrote build/index.html 
[info] 
[info] i  Detected a .git folder at /home/lucifer/Documents/experiments/firebase-hosting-poc 
[info] i  Authorizing with GitHub to upload your service account to a GitHub repository's secrets store. 
[info] 
[info] Visit this URL on this device to log in:
[info] https://github.com/login/oauth/authorize?client_id=89cf50f02ac6aaed3484&state=74991544&redirect_uri=http%3A%2F%2Flocalhost%3A9005&scope=read%3Auser%20repo%20public_repo
[info] 
[info] Waiting for authentication...
